<?xml version="1.0" encoding="UTF-8"?>
<!-- Generated by org.testng.reporters.JUnitXMLReporter -->
<testsuite ignored="42" hostname="DESKTOP-881C30Q" failures="13" tests="25" name="Test" time="657.377" errors="0" timestamp="2022-12-05T11:03:34 IST">
  <testcase classname="TestCases.TestLogin" name="ValidLogin" time="7.792"/>
  <testcase classname="TestCases.TestAddPlan" name="TouImport" time="10.031"/>
  <testcase classname="TestCases.TestAddPlan" name="AddPlanwithoutTOUDefinition" time="37.977"/>
  <testcase classname="TestCases.TestAddPlan" name="PlanwithTOUDefinition_Network_and_Retail_Trf" time="27.63"/>
  <testcase classname="TestCases.TestAddPlan" name="PlanwithDemandTOUdefinition_Network_and_Retail_Trf" time="18.633"/>
  <testcase classname="TestCases.TestAddPlan" name="OtherPlan" time="18.392">
    <failure type="org.openqa.selenium.TimeoutException" message="Expected condition failed: waiting for visibility of element located by By.xpath: (//*[@id=&amp;apos;unit-type&amp;apos;]/option)[2] (tried for 10 second(s) with 500 MILLISECONDS interval)">
      <![CDATA[org.openqa.selenium.TimeoutException: Expected condition failed: waiting for visibility of element located by By.xpath: (//*[@id='unit-type']/option)[2] (tried for 10 second(s) with 500 MILLISECONDS interval)
at org.openqa.selenium.support.ui.WebDriverWait.timeoutException(WebDriverWait.java:80)
at org.openqa.selenium.support.ui.FluentWait.until(FluentWait.java:232)
at CommonMethods.WebDriverWaits.ClickOn(WebDriverWaits.java:41)
at POM.Flow2_3AddTOUFileAndPlan$Plans.OtherPlan(Flow2_3AddTOUFileAndPlan.java:456)
at TestCases.TestAddPlan.OtherPlan(TestAddPlan.java:43)
at java.base/java.util.ArrayList.forEach(ArrayList.java:1511)
Caused by: org.openqa.selenium.NoSuchElementException: Cannot locate an element using By.xpath: (//*[@id='unit-type']/option)[2]
For documentation on this error, please visit: http://seleniumhq.org/exceptions/no_such_element.html
Build info: version: '3.5.3', revision: 'a88d25fe6b', time: '2017-08-29T12:42:44.417Z'
System info: host: 'DESKTOP-881C30Q', ip: '192.168.1.18', os.name: 'Windows 10', os.arch: 'amd64', os.version: '10.0', java.version: '17.0.4'
Driver info: driver.version: unknown
at org.openqa.selenium.support.ui.ExpectedConditions.lambda$findElement$0(ExpectedConditions.java:883)
at java.base/java.util.Optional.orElseThrow(Optional.java:403)
at org.openqa.selenium.support.ui.ExpectedConditions.findElement(ExpectedConditions.java:882)
at org.openqa.selenium.support.ui.ExpectedConditions.access$000(ExpectedConditions.java:44)
at org.openqa.selenium.support.ui.ExpectedConditions$7.apply(ExpectedConditions.java:206)
at org.openqa.selenium.support.ui.ExpectedConditions$7.apply(ExpectedConditions.java:202)
at org.openqa.selenium.support.ui.FluentWait.until(FluentWait.java:209)
... 31 more
... Removed 27 stack frames]]>
    </failure>
  </testcase> <!-- OtherPlan -->
  <testcase classname="TestCases.TestAddPlan" name="Add_ProRated_Rates" time="10.032">
    <failure type="org.openqa.selenium.TimeoutException" message="Expected condition failed: waiting for visibility of element located by By.xpath: .//*[@class=&amp;apos;dataTables_filter&amp;apos;]/label/input (tried for 10 second(s) with 500 MILLISECONDS interval)
Build info: version: &amp;apos;3.5.3&amp;apos;, revision: &amp;apos;a88d25fe6b&amp;apos;, time: &amp;apos;2017-08-29T12:42:44.417Z&amp;apos;
System info: host: &amp;apos;DESKTOP-881C30Q&amp;apos;, ip: &amp;apos;192.168.1.18&amp;apos;, os.name: &amp;apos;Windows 10&amp;apos;, os.arch: &amp;apos;amd64&amp;apos;, os.version: &amp;apos;10.0&amp;apos;, java.version: &amp;apos;17.0.4&amp;apos;
Driver info: org.openqa.selenium.chrome.ChromeDriver
Capabilities [{networkConnectionEnabled=false, chrome={chromedriverVersion=107.0.5304.62 (1eec40d3a5764881c92085aaee66d25075c159aa-refs/branch-heads/5304@{#942}), userDataDir=C:\Users\SQELAB~1\AppData\Local\Temp\scoped_dir8628_800842881}, timeouts={implicit=0, pageLoad=300000, script=30000}, pageLoadStrategy=normal, unhandledPromptBehavior=dismiss and notify, strictFileInteractability=false, platform=XP, proxy=Proxy(), goog:chromeOptions={debuggerAddress=localhost:55573}, webauthn:extension:credBlob=true, acceptInsecureCerts=false, browserVersion=107.0.5304.123, browserName=chrome, javascriptEnabled=true, platformName=XP, setWindowRect=true, webauthn:extension:largeBlob=true, webauthn:virtualAuthenticators=true}]
Session ID: 387b6e927c6b7349d9319cf23bf6f570">
      <![CDATA[org.openqa.selenium.TimeoutException: Expected condition failed: waiting for visibility of element located by By.xpath: .//*[@class='dataTables_filter']/label/input (tried for 10 second(s) with 500 MILLISECONDS interval)
Build info: version: '3.5.3', revision: 'a88d25fe6b', time: '2017-08-29T12:42:44.417Z'
System info: host: 'DESKTOP-881C30Q', ip: '192.168.1.18', os.name: 'Windows 10', os.arch: 'amd64', os.version: '10.0', java.version: '17.0.4'
Driver info: org.openqa.selenium.chrome.ChromeDriver
Capabilities [{networkConnectionEnabled=false, chrome={chromedriverVersion=107.0.5304.62 (1eec40d3a5764881c92085aaee66d25075c159aa-refs/branch-heads/5304@{#942}), userDataDir=C:\Users\SQELAB~1\AppData\Local\Temp\scoped_dir8628_800842881}, timeouts={implicit=0, pageLoad=300000, script=30000}, pageLoadStrategy=normal, unhandledPromptBehavior=dismiss and notify, strictFileInteractability=false, platform=XP, proxy=Proxy(), goog:chromeOptions={debuggerAddress=localhost:55573}, webauthn:extension:credBlob=true, acceptInsecureCerts=false, browserVersion=107.0.5304.123, browserName=chrome, javascriptEnabled=true, platformName=XP, setWindowRect=true, webauthn:extension:largeBlob=true, webauthn:virtualAuthenticators=true}]
Session ID: 387b6e927c6b7349d9319cf23bf6f570
at org.openqa.selenium.support.ui.WebDriverWait.timeoutException(WebDriverWait.java:80)
at org.openqa.selenium.support.ui.FluentWait.until(FluentWait.java:232)
at CommonMethods.WebDriverWaits.ClickOn(WebDriverWaits.java:41)
at POM.Flow2_3AddTOUFileAndPlan$Plans.Add_ProRated_Rates(Flow2_3AddTOUFileAndPlan.java:490)
at TestCases.TestAddPlan.Add_ProRated_Rates(TestAddPlan.java:50)
at java.base/java.util.ArrayList.forEach(ArrayList.java:1511)
... Removed 27 stack frames]]>
    </failure>
  </testcase> <!-- Add_ProRated_Rates -->
  <testcase classname="TestCases.TestBillRunWithNoCycle" name="BillRunWithNoCycle" time="0.007">
    <failure type="java.lang.Error" message="Unresolved compilation problem: 
	The method AddMeter_MeterRegisterR() is undefined for the type Flow6_7AddingServiceAndMeter.X_AddService
">
      <![CDATA[java.lang.Error: Unresolved compilation problem: 
The method AddMeter_MeterRegisterR() is undefined for the type Flow6_7AddingServiceAndMeter.X_AddService

at POM.Flow4_BillRunWithNoCycle.BillRunWithNoCycle(Flow4_BillRunWithNoCycle.java:24)
at TestCases.TestBillRunWithNoCycle.BillRunWithNoCycle(TestBillRunWithNoCycle.java:14)
at java.base/java.util.ArrayList.forEach(ArrayList.java:1511)
... Removed 27 stack frames]]>
    </failure>
  </testcase> <!-- BillRunWithNoCycle -->
  <testcase classname="TestCases.TestBillRunWithNoCycle" name="BillrunMethod_NoCycle" time="1.167">
    <failure type="org.openqa.selenium.WebDriverException" message="element click intercepted: Element &amp;lt;i class=&amp;quot;icon-tasks&amp;quot;&amp;gt;&amp;lt;/i&amp;gt; is not clickable at point (384, 67). Other element would receive the click: &amp;lt;div class=&amp;quot;modal fade  in&amp;quot; id=&amp;quot;createTariffPopup&amp;quot; role=&amp;quot;dialog&amp;quot; style=&amp;quot;display: block;&amp;quot; aria-hidden=&amp;quot;false&amp;quot;&amp;gt;...&amp;lt;/div&amp;gt;
  (Session info: chrome=107.0.5304.123)
Build info: version: &amp;apos;3.5.3&amp;apos;, revision: &amp;apos;a88d25fe6b&amp;apos;, time: &amp;apos;2017-08-29T12:42:44.417Z&amp;apos;
System info: host: &amp;apos;DESKTOP-881C30Q&amp;apos;, ip: &amp;apos;192.168.1.18&amp;apos;, os.name: &amp;apos;Windows 10&amp;apos;, os.arch: &amp;apos;amd64&amp;apos;, os.version: &amp;apos;10.0&amp;apos;, java.version: &amp;apos;17.0.4&amp;apos;
Driver info: org.openqa.selenium.chrome.ChromeDriver
Capabilities [{networkConnectionEnabled=false, chrome={chromedriverVersion=107.0.5304.62 (1eec40d3a5764881c92085aaee66d25075c159aa-refs/branch-heads/5304@{#942}), userDataDir=C:\Users\SQELAB~1\AppData\Local\Temp\scoped_dir8628_800842881}, timeouts={implicit=0, pageLoad=300000, script=30000}, pageLoadStrategy=normal, unhandledPromptBehavior=dismiss and notify, strictFileInteractability=false, platform=XP, proxy=Proxy(), goog:chromeOptions={debuggerAddress=localhost:55573}, webauthn:extension:credBlob=true, acceptInsecureCerts=false, browserVersion=107.0.5304.123, browserName=chrome, javascriptEnabled=true, platformName=XP, setWindowRect=true, webauthn:extension:largeBlob=true, webauthn:virtualAuthenticators=true}]
Session ID: 387b6e927c6b7349d9319cf23bf6f570">
      <![CDATA[org.openqa.selenium.WebDriverException: element click intercepted: Element <i class="icon-tasks"></i> is not clickable at point (384, 67). Other element would receive the click: <div class="modal fade  in" id="createTariffPopup" role="dialog" style="display: block;" aria-hidden="false">...</div>
  (Session info: chrome=107.0.5304.123)
Build info: version: '3.5.3', revision: 'a88d25fe6b', time: '2017-08-29T12:42:44.417Z'
System info: host: 'DESKTOP-881C30Q', ip: '192.168.1.18', os.name: 'Windows 10', os.arch: 'amd64', os.version: '10.0', java.version: '17.0.4'
Driver info: org.openqa.selenium.chrome.ChromeDriver
Capabilities [{networkConnectionEnabled=false, chrome={chromedriverVersion=107.0.5304.62 (1eec40d3a5764881c92085aaee66d25075c159aa-refs/branch-heads/5304@{#942}), userDataDir=C:\Users\SQELAB~1\AppData\Local\Temp\scoped_dir8628_800842881}, timeouts={implicit=0, pageLoad=300000, script=30000}, pageLoadStrategy=normal, unhandledPromptBehavior=dismiss and notify, strictFileInteractability=false, platform=XP, proxy=Proxy(), goog:chromeOptions={debuggerAddress=localhost:55573}, webauthn:extension:credBlob=true, acceptInsecureCerts=false, browserVersion=107.0.5304.123, browserName=chrome, javascriptEnabled=true, platformName=XP, setWindowRect=true, webauthn:extension:largeBlob=true, webauthn:virtualAuthenticators=true}]
Session ID: 387b6e927c6b7349d9319cf23bf6f570
at org.openqa.selenium.remote.http.W3CHttpResponseCodec.createException(W3CHttpResponseCodec.java:185)
at org.openqa.selenium.remote.http.W3CHttpResponseCodec.decode(W3CHttpResponseCodec.java:120)
at org.openqa.selenium.remote.http.W3CHttpResponseCodec.decode(W3CHttpResponseCodec.java:49)
at org.openqa.selenium.remote.HttpCommandExecutor.execute(HttpCommandExecutor.java:164)
at org.openqa.selenium.remote.service.DriverCommandExecutor.execute(DriverCommandExecutor.java:82)
at org.openqa.selenium.remote.RemoteWebDriver.execute(RemoteWebDriver.java:646)
at org.openqa.selenium.remote.RemoteWebElement.execute(RemoteWebElement.java:275)
at org.openqa.selenium.remote.RemoteWebElement.click(RemoteWebElement.java:82)
at CommonMethods.WebDriverWaits.ClickOn(WebDriverWaits.java:44)
at POM.Flow4_BillRunWithNoCycle$Billrun.BillrunMethod_NoCycle(Flow4_BillRunWithNoCycle.java:54)
at TestCases.TestBillRunWithNoCycle.BillrunMethod_NoCycle(TestBillRunWithNoCycle.java:22)
at java.base/java.util.ArrayList.forEach(ArrayList.java:1511)
... Removed 32 stack frames]]>
    </failure>
  </testcase> <!-- BillrunMethod_NoCycle -->
  <testcase classname="TestCases.TestCustomers" name="Customer" time="46.076"/>
  <testcase classname="TestCases.TestCustomers" name="SecondCustomer" time="32.402"/>
  <testcase classname="TestCases.TestCustomers" name="ThirdCustomer" time="32.385"/>
  <testcase classname="TestCases.TestAddService" name="Service" time="94.6">
    <failure type="org.openqa.selenium.TimeoutException" message="Expected condition failed: waiting for visibility of element located by By.xpath: //a[@id=&amp;apos;addMeter&amp;apos;]/i (tried for 10 second(s) with 500 MILLISECONDS interval)">
      <![CDATA[org.openqa.selenium.TimeoutException: Expected condition failed: waiting for visibility of element located by By.xpath: //a[@id='addMeter']/i (tried for 10 second(s) with 500 MILLISECONDS interval)
at org.openqa.selenium.support.ui.WebDriverWait.timeoutException(WebDriverWait.java:80)
at org.openqa.selenium.support.ui.FluentWait.until(FluentWait.java:232)
at CommonMethods.WebDriverWaits.ClickOn(WebDriverWaits.java:41)
at POM.Flow6_7AddingServiceAndMeter$Metering.AddMeter(Flow6_7AddingServiceAndMeter.java:475)
at POM.Flow6_7AddingServiceAndMeter$X_AddService.Service_MeterR(Flow6_7AddingServiceAndMeter.java:181)
at TestCases.TestAddService.Service(TestAddService.java:12)
at java.base/java.util.ArrayList.forEach(ArrayList.java:1511)
Caused by: org.openqa.selenium.NoSuchElementException: Cannot locate an element using By.xpath: //a[@id='addMeter']/i
For documentation on this error, please visit: http://seleniumhq.org/exceptions/no_such_element.html
Build info: version: '3.5.3', revision: 'a88d25fe6b', time: '2017-08-29T12:42:44.417Z'
System info: host: 'DESKTOP-881C30Q', ip: '192.168.1.18', os.name: 'Windows 10', os.arch: 'amd64', os.version: '10.0', java.version: '17.0.4'
Driver info: driver.version: unknown
at org.openqa.selenium.support.ui.ExpectedConditions.lambda$findElement$0(ExpectedConditions.java:883)
at java.base/java.util.Optional.orElseThrow(Optional.java:403)
at org.openqa.selenium.support.ui.ExpectedConditions.findElement(ExpectedConditions.java:882)
at org.openqa.selenium.support.ui.ExpectedConditions.access$000(ExpectedConditions.java:44)
at org.openqa.selenium.support.ui.ExpectedConditions$7.apply(ExpectedConditions.java:206)
at org.openqa.selenium.support.ui.ExpectedConditions$7.apply(ExpectedConditions.java:202)
at org.openqa.selenium.support.ui.FluentWait.until(FluentWait.java:209)
... 32 more
... Removed 27 stack frames]]>
    </failure>
  </testcase> <!-- Service -->
  <testcase classname="TestCases.TestAddService" name="SecondService" time="81.245"/>
  <testcase classname="TestCases.TestSingleCustomerBillRun" name="X_BillrunCycle" time="21.129"/>
  <testcase classname="TestCases.TestSingleCustomerBillRun" name="SmallBillRunWithSingleCustomer" time="31.109"/>
  <testcase classname="TestCases.TestSingleCustomerBillRun" name="Rollback_SmallBillRunWithSingleCustomer" time="156.341"/>
  <testcase classname="TestCases.TestTwoCustomerBillRun" name="Flow8_AllBillrunCycles" time="2.759">
    <failure type="org.openqa.selenium.WebDriverException" message="element click intercepted: Element &amp;lt;i class=&amp;quot;icon-lock&amp;quot;&amp;gt;&amp;lt;/i&amp;gt; is not clickable at point (587, 67). Other element would receive the click: &amp;lt;div class=&amp;quot;bootstrap-dialog-header&amp;quot;&amp;gt;...&amp;lt;/div&amp;gt;
  (Session info: chrome=107.0.5304.123)
Build info: version: &amp;apos;3.5.3&amp;apos;, revision: &amp;apos;a88d25fe6b&amp;apos;, time: &amp;apos;2017-08-29T12:42:44.417Z&amp;apos;
System info: host: &amp;apos;DESKTOP-881C30Q&amp;apos;, ip: &amp;apos;192.168.1.18&amp;apos;, os.name: &amp;apos;Windows 10&amp;apos;, os.arch: &amp;apos;amd64&amp;apos;, os.version: &amp;apos;10.0&amp;apos;, java.version: &amp;apos;17.0.4&amp;apos;
Driver info: org.openqa.selenium.chrome.ChromeDriver
Capabilities [{networkConnectionEnabled=false, chrome={chromedriverVersion=107.0.5304.62 (1eec40d3a5764881c92085aaee66d25075c159aa-refs/branch-heads/5304@{#942}), userDataDir=C:\Users\SQELAB~1\AppData\Local\Temp\scoped_dir8628_800842881}, timeouts={implicit=0, pageLoad=300000, script=30000}, pageLoadStrategy=normal, unhandledPromptBehavior=dismiss and notify, strictFileInteractability=false, platform=XP, proxy=Proxy(), goog:chromeOptions={debuggerAddress=localhost:55573}, webauthn:extension:credBlob=true, acceptInsecureCerts=false, browserVersion=107.0.5304.123, browserName=chrome, javascriptEnabled=true, platformName=XP, setWindowRect=true, webauthn:extension:largeBlob=true, webauthn:virtualAuthenticators=true}]
Session ID: 387b6e927c6b7349d9319cf23bf6f570">
      <![CDATA[org.openqa.selenium.WebDriverException: element click intercepted: Element <i class="icon-lock"></i> is not clickable at point (587, 67). Other element would receive the click: <div class="bootstrap-dialog-header">...</div>
  (Session info: chrome=107.0.5304.123)
Build info: version: '3.5.3', revision: 'a88d25fe6b', time: '2017-08-29T12:42:44.417Z'
System info: host: 'DESKTOP-881C30Q', ip: '192.168.1.18', os.name: 'Windows 10', os.arch: 'amd64', os.version: '10.0', java.version: '17.0.4'
Driver info: org.openqa.selenium.chrome.ChromeDriver
Capabilities [{networkConnectionEnabled=false, chrome={chromedriverVersion=107.0.5304.62 (1eec40d3a5764881c92085aaee66d25075c159aa-refs/branch-heads/5304@{#942}), userDataDir=C:\Users\SQELAB~1\AppData\Local\Temp\scoped_dir8628_800842881}, timeouts={implicit=0, pageLoad=300000, script=30000}, pageLoadStrategy=normal, unhandledPromptBehavior=dismiss and notify, strictFileInteractability=false, platform=XP, proxy=Proxy(), goog:chromeOptions={debuggerAddress=localhost:55573}, webauthn:extension:credBlob=true, acceptInsecureCerts=false, browserVersion=107.0.5304.123, browserName=chrome, javascriptEnabled=true, platformName=XP, setWindowRect=true, webauthn:extension:largeBlob=true, webauthn:virtualAuthenticators=true}]
Session ID: 387b6e927c6b7349d9319cf23bf6f570
at org.openqa.selenium.remote.http.W3CHttpResponseCodec.createException(W3CHttpResponseCodec.java:185)
at org.openqa.selenium.remote.http.W3CHttpResponseCodec.decode(W3CHttpResponseCodec.java:120)
at org.openqa.selenium.remote.http.W3CHttpResponseCodec.decode(W3CHttpResponseCodec.java:49)
at org.openqa.selenium.remote.HttpCommandExecutor.execute(HttpCommandExecutor.java:164)
at org.openqa.selenium.remote.service.DriverCommandExecutor.execute(DriverCommandExecutor.java:82)
at org.openqa.selenium.remote.RemoteWebDriver.execute(RemoteWebDriver.java:646)
at org.openqa.selenium.remote.RemoteWebElement.execute(RemoteWebElement.java:275)
at org.openqa.selenium.remote.RemoteWebElement.click(RemoteWebElement.java:82)
at CommonMethods.WebDriverWaits.ClickOn(WebDriverWaits.java:44)
at POM.Flow8_AllBillrunCycles$X_BillrunCycle.SmallBillRunWithTwoCustomer(Flow8_AllBillrunCycles.java:202)
at TestCases.TestTwoCustomerBillRun.Flow8_AllBillrunCycles(TestTwoCustomerBillRun.java:14)
at java.base/java.util.ArrayList.forEach(ArrayList.java:1511)
... Removed 32 stack frames]]>
    </failure>
  </testcase> <!-- Flow8_AllBillrunCycles -->
  <testcase classname="TestCases.TestLargeBillRun" name="Flow8_AllBillrunCycles" time="1.974">
    <failure type="org.openqa.selenium.WebDriverException" message="element click intercepted: Element &amp;lt;i class=&amp;quot;icon-lock&amp;quot;&amp;gt;&amp;lt;/i&amp;gt; is not clickable at point (587, 67). Other element would receive the click: &amp;lt;div class=&amp;quot;bootstrap-dialog-header&amp;quot;&amp;gt;...&amp;lt;/div&amp;gt;
  (Session info: chrome=107.0.5304.123)
Build info: version: &amp;apos;3.5.3&amp;apos;, revision: &amp;apos;a88d25fe6b&amp;apos;, time: &amp;apos;2017-08-29T12:42:44.417Z&amp;apos;
System info: host: &amp;apos;DESKTOP-881C30Q&amp;apos;, ip: &amp;apos;192.168.1.18&amp;apos;, os.name: &amp;apos;Windows 10&amp;apos;, os.arch: &amp;apos;amd64&amp;apos;, os.version: &amp;apos;10.0&amp;apos;, java.version: &amp;apos;17.0.4&amp;apos;
Driver info: org.openqa.selenium.chrome.ChromeDriver
Capabilities [{networkConnectionEnabled=false, chrome={chromedriverVersion=107.0.5304.62 (1eec40d3a5764881c92085aaee66d25075c159aa-refs/branch-heads/5304@{#942}), userDataDir=C:\Users\SQELAB~1\AppData\Local\Temp\scoped_dir8628_800842881}, timeouts={implicit=0, pageLoad=300000, script=30000}, pageLoadStrategy=normal, unhandledPromptBehavior=dismiss and notify, strictFileInteractability=false, platform=XP, proxy=Proxy(), goog:chromeOptions={debuggerAddress=localhost:55573}, webauthn:extension:credBlob=true, acceptInsecureCerts=false, browserVersion=107.0.5304.123, browserName=chrome, javascriptEnabled=true, platformName=XP, setWindowRect=true, webauthn:extension:largeBlob=true, webauthn:virtualAuthenticators=true}]
Session ID: 387b6e927c6b7349d9319cf23bf6f570">
      <![CDATA[org.openqa.selenium.WebDriverException: element click intercepted: Element <i class="icon-lock"></i> is not clickable at point (587, 67). Other element would receive the click: <div class="bootstrap-dialog-header">...</div>
  (Session info: chrome=107.0.5304.123)
Build info: version: '3.5.3', revision: 'a88d25fe6b', time: '2017-08-29T12:42:44.417Z'
System info: host: 'DESKTOP-881C30Q', ip: '192.168.1.18', os.name: 'Windows 10', os.arch: 'amd64', os.version: '10.0', java.version: '17.0.4'
Driver info: org.openqa.selenium.chrome.ChromeDriver
Capabilities [{networkConnectionEnabled=false, chrome={chromedriverVersion=107.0.5304.62 (1eec40d3a5764881c92085aaee66d25075c159aa-refs/branch-heads/5304@{#942}), userDataDir=C:\Users\SQELAB~1\AppData\Local\Temp\scoped_dir8628_800842881}, timeouts={implicit=0, pageLoad=300000, script=30000}, pageLoadStrategy=normal, unhandledPromptBehavior=dismiss and notify, strictFileInteractability=false, platform=XP, proxy=Proxy(), goog:chromeOptions={debuggerAddress=localhost:55573}, webauthn:extension:credBlob=true, acceptInsecureCerts=false, browserVersion=107.0.5304.123, browserName=chrome, javascriptEnabled=true, platformName=XP, setWindowRect=true, webauthn:extension:largeBlob=true, webauthn:virtualAuthenticators=true}]
Session ID: 387b6e927c6b7349d9319cf23bf6f570
at org.openqa.selenium.remote.http.W3CHttpResponseCodec.createException(W3CHttpResponseCodec.java:185)
at org.openqa.selenium.remote.http.W3CHttpResponseCodec.decode(W3CHttpResponseCodec.java:120)
at org.openqa.selenium.remote.http.W3CHttpResponseCodec.decode(W3CHttpResponseCodec.java:49)
at org.openqa.selenium.remote.HttpCommandExecutor.execute(HttpCommandExecutor.java:164)
at org.openqa.selenium.remote.service.DriverCommandExecutor.execute(DriverCommandExecutor.java:82)
at org.openqa.selenium.remote.RemoteWebDriver.execute(RemoteWebDriver.java:646)
at org.openqa.selenium.remote.RemoteWebElement.execute(RemoteWebElement.java:275)
at org.openqa.selenium.remote.RemoteWebElement.click(RemoteWebElement.java:82)
at CommonMethods.WebDriverWaits.ClickOn(WebDriverWaits.java:44)
at POM.Flow8_AllBillrunCycles$X_BillrunCycle.LargeBillRun(Flow8_AllBillrunCycles.java:360)
at TestCases.TestLargeBillRun.Flow8_AllBillrunCycles(TestLargeBillRun.java:14)
at java.base/java.util.ArrayList.forEach(ArrayList.java:1511)
... Removed 32 stack frames]]>
    </failure>
  </testcase> <!-- Flow8_AllBillrunCycles -->
  <testcase classname="TestCases.TestBillRunWithUncommittedStatement" name="BillRunPrerequiste" time="0.009">
    <failure type="java.lang.Error" message="Unresolved compilation problem: 
	The method AddMeter_MeterRegisterC() is undefined for the type Flow6_7AddingServiceAndMeter.X_AddService
">
      <![CDATA[java.lang.Error: Unresolved compilation problem: 
The method AddMeter_MeterRegisterC() is undefined for the type Flow6_7AddingServiceAndMeter.X_AddService

at POM.Flow10_BillRunWithUncommittedStatement.BillRunPrerequiste(Flow10_BillRunWithUncommittedStatement.java:26)
at TestCases.TestBillRunWithUncommittedStatement.BillRunPrerequiste(TestBillRunWithUncommittedStatement.java:15)
at java.base/java.util.ArrayList.forEach(ArrayList.java:1511)
... Removed 27 stack frames]]>
    </failure>
  </testcase> <!-- BillRunPrerequiste -->
  <testcase classname="TestCases.TestBillRunWithUncommittedStatement" name="BillRunWithUncommittedStatement" time="15.099">
    <failure type="org.openqa.selenium.TimeoutException" message="Expected condition failed: waiting for visibility of element located by By.xpath: //*[@class=&amp;apos;close&amp;apos;] (tried for 10 second(s) with 500 MILLISECONDS interval)
Build info: version: &amp;apos;3.5.3&amp;apos;, revision: &amp;apos;a88d25fe6b&amp;apos;, time: &amp;apos;2017-08-29T12:42:44.417Z&amp;apos;
System info: host: &amp;apos;DESKTOP-881C30Q&amp;apos;, ip: &amp;apos;192.168.1.18&amp;apos;, os.name: &amp;apos;Windows 10&amp;apos;, os.arch: &amp;apos;amd64&amp;apos;, os.version: &amp;apos;10.0&amp;apos;, java.version: &amp;apos;17.0.4&amp;apos;
Driver info: org.openqa.selenium.chrome.ChromeDriver
Capabilities [{networkConnectionEnabled=false, chrome={chromedriverVersion=107.0.5304.62 (1eec40d3a5764881c92085aaee66d25075c159aa-refs/branch-heads/5304@{#942}), userDataDir=C:\Users\SQELAB~1\AppData\Local\Temp\scoped_dir8628_800842881}, timeouts={implicit=0, pageLoad=300000, script=30000}, pageLoadStrategy=normal, unhandledPromptBehavior=dismiss and notify, strictFileInteractability=false, platform=XP, proxy=Proxy(), goog:chromeOptions={debuggerAddress=localhost:55573}, webauthn:extension:credBlob=true, acceptInsecureCerts=false, browserVersion=107.0.5304.123, browserName=chrome, javascriptEnabled=true, platformName=XP, setWindowRect=true, webauthn:extension:largeBlob=true, webauthn:virtualAuthenticators=true}]
Session ID: 387b6e927c6b7349d9319cf23bf6f570">
      <![CDATA[org.openqa.selenium.TimeoutException: Expected condition failed: waiting for visibility of element located by By.xpath: //*[@class='close'] (tried for 10 second(s) with 500 MILLISECONDS interval)
Build info: version: '3.5.3', revision: 'a88d25fe6b', time: '2017-08-29T12:42:44.417Z'
System info: host: 'DESKTOP-881C30Q', ip: '192.168.1.18', os.name: 'Windows 10', os.arch: 'amd64', os.version: '10.0', java.version: '17.0.4'
Driver info: org.openqa.selenium.chrome.ChromeDriver
Capabilities [{networkConnectionEnabled=false, chrome={chromedriverVersion=107.0.5304.62 (1eec40d3a5764881c92085aaee66d25075c159aa-refs/branch-heads/5304@{#942}), userDataDir=C:\Users\SQELAB~1\AppData\Local\Temp\scoped_dir8628_800842881}, timeouts={implicit=0, pageLoad=300000, script=30000}, pageLoadStrategy=normal, unhandledPromptBehavior=dismiss and notify, strictFileInteractability=false, platform=XP, proxy=Proxy(), goog:chromeOptions={debuggerAddress=localhost:55573}, webauthn:extension:credBlob=true, acceptInsecureCerts=false, browserVersion=107.0.5304.123, browserName=chrome, javascriptEnabled=true, platformName=XP, setWindowRect=true, webauthn:extension:largeBlob=true, webauthn:virtualAuthenticators=true}]
Session ID: 387b6e927c6b7349d9319cf23bf6f570
at org.openqa.selenium.support.ui.WebDriverWait.timeoutException(WebDriverWait.java:80)
at org.openqa.selenium.support.ui.FluentWait.until(FluentWait.java:232)
at CommonMethods.WebDriverWaits.ClickOn(WebDriverWaits.java:41)
at POM.Flow10_BillRunWithUncommittedStatement.BillRunWithUncommittedStatement(Flow10_BillRunWithUncommittedStatement.java:38)
at TestCases.TestBillRunWithUncommittedStatement.BillRunWithUncommittedStatement(TestBillRunWithUncommittedStatement.java:23)
at java.base/java.util.ArrayList.forEach(ArrayList.java:1511)
... Removed 27 stack frames]]>
    </failure>
  </testcase> <!-- BillRunWithUncommittedStatement -->
  <testcase classname="TestCases.Imports" name="CustomerPrerequiste" time="7.053">
    <failure type="org.openqa.selenium.WebDriverException" message="element click intercepted: Element &amp;lt;span&amp;gt;...&amp;lt;/span&amp;gt; is not clickable at point (201, 95). Other element would receive the click: &amp;lt;div class=&amp;quot;modal bootstrap-dialog type-warning fade size-normal in&amp;quot; tabindex=&amp;quot;-1&amp;quot; role=&amp;quot;dialog&amp;quot; aria-hidden=&amp;quot;false&amp;quot; id=&amp;quot;cf62753a-58c4-4290-a92b-fb6698911b9b&amp;quot; aria-labelledby=&amp;quot;cf62753a-58c4-4290-a92b-fb6698911b9b_title&amp;quot; style=&amp;quot;display: block; z-index: 1050;&amp;quot;&amp;gt;...&amp;lt;/div&amp;gt;
  (Session info: chrome=107.0.5304.123)
Build info: version: &amp;apos;3.5.3&amp;apos;, revision: &amp;apos;a88d25fe6b&amp;apos;, time: &amp;apos;2017-08-29T12:42:44.417Z&amp;apos;
System info: host: &amp;apos;DESKTOP-881C30Q&amp;apos;, ip: &amp;apos;192.168.1.18&amp;apos;, os.name: &amp;apos;Windows 10&amp;apos;, os.arch: &amp;apos;amd64&amp;apos;, os.version: &amp;apos;10.0&amp;apos;, java.version: &amp;apos;17.0.4&amp;apos;
Driver info: org.openqa.selenium.chrome.ChromeDriver
Capabilities [{networkConnectionEnabled=false, chrome={chromedriverVersion=107.0.5304.62 (1eec40d3a5764881c92085aaee66d25075c159aa-refs/branch-heads/5304@{#942}), userDataDir=C:\Users\SQELAB~1\AppData\Local\Temp\scoped_dir8628_800842881}, timeouts={implicit=0, pageLoad=300000, script=30000}, pageLoadStrategy=normal, unhandledPromptBehavior=dismiss and notify, strictFileInteractability=false, platform=XP, proxy=Proxy(), goog:chromeOptions={debuggerAddress=localhost:55573}, webauthn:extension:credBlob=true, acceptInsecureCerts=false, browserVersion=107.0.5304.123, browserName=chrome, javascriptEnabled=true, platformName=XP, setWindowRect=true, webauthn:extension:largeBlob=true, webauthn:virtualAuthenticators=true}]
Session ID: 387b6e927c6b7349d9319cf23bf6f570">
      <![CDATA[org.openqa.selenium.WebDriverException: element click intercepted: Element <span>...</span> is not clickable at point (201, 95). Other element would receive the click: <div class="modal bootstrap-dialog type-warning fade size-normal in" tabindex="-1" role="dialog" aria-hidden="false" id="cf62753a-58c4-4290-a92b-fb6698911b9b" aria-labelledby="cf62753a-58c4-4290-a92b-fb6698911b9b_title" style="display: block; z-index: 1050;">...</div>
  (Session info: chrome=107.0.5304.123)
Build info: version: '3.5.3', revision: 'a88d25fe6b', time: '2017-08-29T12:42:44.417Z'
System info: host: 'DESKTOP-881C30Q', ip: '192.168.1.18', os.name: 'Windows 10', os.arch: 'amd64', os.version: '10.0', java.version: '17.0.4'
Driver info: org.openqa.selenium.chrome.ChromeDriver
Capabilities [{networkConnectionEnabled=false, chrome={chromedriverVersion=107.0.5304.62 (1eec40d3a5764881c92085aaee66d25075c159aa-refs/branch-heads/5304@{#942}), userDataDir=C:\Users\SQELAB~1\AppData\Local\Temp\scoped_dir8628_800842881}, timeouts={implicit=0, pageLoad=300000, script=30000}, pageLoadStrategy=normal, unhandledPromptBehavior=dismiss and notify, strictFileInteractability=false, platform=XP, proxy=Proxy(), goog:chromeOptions={debuggerAddress=localhost:55573}, webauthn:extension:credBlob=true, acceptInsecureCerts=false, browserVersion=107.0.5304.123, browserName=chrome, javascriptEnabled=true, platformName=XP, setWindowRect=true, webauthn:extension:largeBlob=true, webauthn:virtualAuthenticators=true}]
Session ID: 387b6e927c6b7349d9319cf23bf6f570
at org.openqa.selenium.remote.http.W3CHttpResponseCodec.createException(W3CHttpResponseCodec.java:185)
at org.openqa.selenium.remote.http.W3CHttpResponseCodec.decode(W3CHttpResponseCodec.java:120)
at org.openqa.selenium.remote.http.W3CHttpResponseCodec.decode(W3CHttpResponseCodec.java:49)
at org.openqa.selenium.remote.HttpCommandExecutor.execute(HttpCommandExecutor.java:164)
at org.openqa.selenium.remote.service.DriverCommandExecutor.execute(DriverCommandExecutor.java:82)
at org.openqa.selenium.remote.RemoteWebDriver.execute(RemoteWebDriver.java:646)
at org.openqa.selenium.remote.RemoteWebElement.execute(RemoteWebElement.java:275)
at org.openqa.selenium.remote.RemoteWebElement.click(RemoteWebElement.java:82)
at CommonMethods.WebDriverWaits.ClickOn(WebDriverWaits.java:44)
at POM.Flow5_AddCustomer$FirstCustomer.FirstResidentialCustomer(Flow5_AddCustomer.java:84)
at POM.Flow11Import_Transactions_Update_Download_And_EmailStatement.CustomerPrerequiste(Flow11Import_Transactions_Update_Download_And_EmailStatement.java:38)
at TestCases.Imports.CustomerPrerequiste(Imports.java:16)
at java.base/java.util.ArrayList.forEach(ArrayList.java:1511)
... Removed 32 stack frames]]>
    </failure>
  </testcase> <!-- CustomerPrerequiste -->
  <testcase classname="TestCases.Imports" name="MeterNumberImport" time="1.095">
    <failure type="org.openqa.selenium.WebDriverException" message="element click intercepted: Element &amp;lt;i class=&amp;quot;icon-lock&amp;quot;&amp;gt;&amp;lt;/i&amp;gt; is not clickable at point (587, 67). Other element would receive the click: &amp;lt;div class=&amp;quot;bootstrap-dialog-header&amp;quot;&amp;gt;...&amp;lt;/div&amp;gt;
  (Session info: chrome=107.0.5304.123)
Build info: version: &amp;apos;3.5.3&amp;apos;, revision: &amp;apos;a88d25fe6b&amp;apos;, time: &amp;apos;2017-08-29T12:42:44.417Z&amp;apos;
System info: host: &amp;apos;DESKTOP-881C30Q&amp;apos;, ip: &amp;apos;192.168.1.18&amp;apos;, os.name: &amp;apos;Windows 10&amp;apos;, os.arch: &amp;apos;amd64&amp;apos;, os.version: &amp;apos;10.0&amp;apos;, java.version: &amp;apos;17.0.4&amp;apos;
Driver info: org.openqa.selenium.chrome.ChromeDriver
Capabilities [{networkConnectionEnabled=false, chrome={chromedriverVersion=107.0.5304.62 (1eec40d3a5764881c92085aaee66d25075c159aa-refs/branch-heads/5304@{#942}), userDataDir=C:\Users\SQELAB~1\AppData\Local\Temp\scoped_dir8628_800842881}, timeouts={implicit=0, pageLoad=300000, script=30000}, pageLoadStrategy=normal, unhandledPromptBehavior=dismiss and notify, strictFileInteractability=false, platform=XP, proxy=Proxy(), goog:chromeOptions={debuggerAddress=localhost:55573}, webauthn:extension:credBlob=true, acceptInsecureCerts=false, browserVersion=107.0.5304.123, browserName=chrome, javascriptEnabled=true, platformName=XP, setWindowRect=true, webauthn:extension:largeBlob=true, webauthn:virtualAuthenticators=true}]
Session ID: 387b6e927c6b7349d9319cf23bf6f570">
      <![CDATA[org.openqa.selenium.WebDriverException: element click intercepted: Element <i class="icon-lock"></i> is not clickable at point (587, 67). Other element would receive the click: <div class="bootstrap-dialog-header">...</div>
  (Session info: chrome=107.0.5304.123)
Build info: version: '3.5.3', revision: 'a88d25fe6b', time: '2017-08-29T12:42:44.417Z'
System info: host: 'DESKTOP-881C30Q', ip: '192.168.1.18', os.name: 'Windows 10', os.arch: 'amd64', os.version: '10.0', java.version: '17.0.4'
Driver info: org.openqa.selenium.chrome.ChromeDriver
Capabilities [{networkConnectionEnabled=false, chrome={chromedriverVersion=107.0.5304.62 (1eec40d3a5764881c92085aaee66d25075c159aa-refs/branch-heads/5304@{#942}), userDataDir=C:\Users\SQELAB~1\AppData\Local\Temp\scoped_dir8628_800842881}, timeouts={implicit=0, pageLoad=300000, script=30000}, pageLoadStrategy=normal, unhandledPromptBehavior=dismiss and notify, strictFileInteractability=false, platform=XP, proxy=Proxy(), goog:chromeOptions={debuggerAddress=localhost:55573}, webauthn:extension:credBlob=true, acceptInsecureCerts=false, browserVersion=107.0.5304.123, browserName=chrome, javascriptEnabled=true, platformName=XP, setWindowRect=true, webauthn:extension:largeBlob=true, webauthn:virtualAuthenticators=true}]
Session ID: 387b6e927c6b7349d9319cf23bf6f570
at org.openqa.selenium.remote.http.W3CHttpResponseCodec.createException(W3CHttpResponseCodec.java:185)
at org.openqa.selenium.remote.http.W3CHttpResponseCodec.decode(W3CHttpResponseCodec.java:120)
at org.openqa.selenium.remote.http.W3CHttpResponseCodec.decode(W3CHttpResponseCodec.java:49)
at org.openqa.selenium.remote.HttpCommandExecutor.execute(HttpCommandExecutor.java:164)
at org.openqa.selenium.remote.service.DriverCommandExecutor.execute(DriverCommandExecutor.java:82)
at org.openqa.selenium.remote.RemoteWebDriver.execute(RemoteWebDriver.java:646)
at org.openqa.selenium.remote.RemoteWebElement.execute(RemoteWebElement.java:275)
at org.openqa.selenium.remote.RemoteWebElement.click(RemoteWebElement.java:82)
at CommonMethods.WebDriverWaits.ClickOn(WebDriverWaits.java:44)
at POM.Flow11Import_Transactions_Update_Download_And_EmailStatement$MeterNumberImport.MeterNumberImportFile(Flow11Import_Transactions_Update_Download_And_EmailStatement.java:51)
at TestCases.Imports.MeterNumberImport(Imports.java:24)
at java.base/java.util.ArrayList.forEach(ArrayList.java:1511)
... Removed 32 stack frames]]>
    </failure>
  </testcase> <!-- MeterNumberImport -->
  <testcase classname="TestCases.TestAutoDueDate" name="AutoDueDate" time="0.008">
    <failure type="java.lang.Error" message="Unresolved compilation problems: 
	The method AddMeter_MeterRegisterR() is undefined for the type Flow6_7AddingServiceAndMeter.X_AddService
	The method BAddMeter_MeterRegister() is undefined for the type Flow6_7AddingServiceAndMeter.X_AddService
	The method AddMeter_MeterRegisterC() is undefined for the type Flow6_7AddingServiceAndMeter.X_AddService
">
      <![CDATA[java.lang.Error: Unresolved compilation problems: 
The method AddMeter_MeterRegisterR() is undefined for the type Flow6_7AddingServiceAndMeter.X_AddService
The method BAddMeter_MeterRegister() is undefined for the type Flow6_7AddingServiceAndMeter.X_AddService
The method AddMeter_MeterRegisterC() is undefined for the type Flow6_7AddingServiceAndMeter.X_AddService

at POM.Flow9_Auto_Due_Date.AutoDueDate(Flow9_Auto_Due_Date.java:29)
at TestCases.TestAutoDueDate.AutoDueDate(TestAutoDueDate.java:21)
at java.base/java.util.ArrayList.forEach(ArrayList.java:1511)
... Removed 27 stack frames]]>
    </failure>
  </testcase> <!-- AutoDueDate -->
  <testcase classname="TestCases.TestAutoDueDate" name="BillRunWithSingleCustomer" time="0.0">
    <failure type="java.lang.Error" message="Unresolved compilation problem: 
	The method BillRunWithSingleCustomer() is undefined for the type Flow9_Auto_Due_Date
">
      <![CDATA[java.lang.Error: Unresolved compilation problem: 
The method BillRunWithSingleCustomer() is undefined for the type Flow9_Auto_Due_Date

at TestCases.TestAutoDueDate.BillRunWithSingleCustomer(TestAutoDueDate.java:29)
at java.base/java.util.ArrayList.forEach(ArrayList.java:1511)
... Removed 27 stack frames]]>
    </failure>
  </testcase> <!-- BillRunWithSingleCustomer -->
  <testcase classname="TestCases.TestAutoDueDate" name="M_EnableDueDate" time="0.0">
    <ignored/>
  </testcase> <!-- M_EnableDueDate -->
  <testcase classname="BrowsersBase.BrowsersInvoked" name="@BeforeSuite SetProp" time="0.0">
    <ignored/>
  </testcase> <!-- @BeforeSuite SetProp -->
  <testcase classname="BrowsersBase.BrowsersInvoked" name="@BeforeSuite SetProp" time="0.0">
    <ignored/>
  </testcase> <!-- @BeforeSuite SetProp -->
  <testcase classname="BrowsersBase.BrowsersInvoked" name="@BeforeSuite SetProp" time="0.0">
    <ignored/>
  </testcase> <!-- @BeforeSuite SetProp -->
  <testcase classname="BrowsersBase.BrowsersInvoked" name="@BeforeSuite SetProp" time="0.0">
    <ignored/>
  </testcase> <!-- @BeforeSuite SetProp -->
  <testcase classname="BrowsersBase.BrowsersInvoked" name="@BeforeSuite SetProp" time="0.0">
    <ignored/>
  </testcase> <!-- @BeforeSuite SetProp -->
  <testcase classname="BrowsersBase.BrowsersInvoked" name="@BeforeSuite SetProp" time="0.0">
    <ignored/>
  </testcase> <!-- @BeforeSuite SetProp -->
  <testcase classname="BrowsersBase.BrowsersInvoked" name="@BeforeSuite SetProp" time="0.0">
    <ignored/>
  </testcase> <!-- @BeforeSuite SetProp -->
  <testcase classname="BrowsersBase.BrowsersInvoked" name="@BeforeSuite SetProp" time="0.0">
    <ignored/>
  </testcase> <!-- @BeforeSuite SetProp -->
  <testcase classname="BrowsersBase.BrowsersInvoked" name="@BeforeSuite SetProp" time="0.0">
    <ignored/>
  </testcase> <!-- @BeforeSuite SetProp -->
  <testcase classname="BrowsersBase.BrowsersInvoked" name="@BeforeSuite SetProp" time="0.0">
    <ignored/>
  </testcase> <!-- @BeforeSuite SetProp -->
  <testcase classname="TestCases.TestAddService" name="AddThirdService" time="0.0">
    <ignored/>
  </testcase> <!-- AddThirdService -->
  <testcase classname="TestCases.TestLogin" name="ValidLogin" time="0.0">
    <ignored/>
  </testcase> <!-- ValidLogin -->
  <testcase classname="TestCases.TestLogin" name="ValidLogin" time="0.0">
    <ignored/>
  </testcase> <!-- ValidLogin -->
  <testcase classname="TestCases.TestLogin" name="ValidLogin" time="0.0">
    <ignored/>
  </testcase> <!-- ValidLogin -->
  <testcase classname="TestCases.TestLogin" name="ValidLogin" time="0.0">
    <ignored/>
  </testcase> <!-- ValidLogin -->
  <testcase classname="TestCases.TestLogin" name="ValidLogin" time="0.0">
    <ignored/>
  </testcase> <!-- ValidLogin -->
  <testcase classname="TestCases.TestLogin" name="ValidLogin" time="0.0">
    <ignored/>
  </testcase> <!-- ValidLogin -->
  <testcase classname="TestCases.TestLogin" name="ValidLogin" time="0.0">
    <ignored/>
  </testcase> <!-- ValidLogin -->
  <testcase classname="TestCases.TestLogin" name="ValidLogin" time="0.0">
    <ignored/>
  </testcase> <!-- ValidLogin -->
  <testcase classname="TestCases.TestLogin" name="ValidLogin" time="0.0">
    <ignored/>
  </testcase> <!-- ValidLogin -->
  <testcase classname="TestCases.TestLogin" name="ValidLogin" time="0.0">
    <ignored/>
  </testcase> <!-- ValidLogin -->
  <testcase classname="ExtentReport.ExtentReportClass" name="@AfterSuite endReport" time="0.0">
    <ignored/>
  </testcase> <!-- @AfterSuite endReport -->
  <testcase classname="ExtentReport.ExtentReportClass" name="@AfterSuite endReport" time="0.0">
    <ignored/>
  </testcase> <!-- @AfterSuite endReport -->
  <testcase classname="ExtentReport.ExtentReportClass" name="@AfterSuite endReport" time="0.0">
    <ignored/>
  </testcase> <!-- @AfterSuite endReport -->
  <testcase classname="ExtentReport.ExtentReportClass" name="@AfterSuite endReport" time="0.0">
    <ignored/>
  </testcase> <!-- @AfterSuite endReport -->
  <testcase classname="ExtentReport.ExtentReportClass" name="@AfterSuite endReport" time="0.0">
    <ignored/>
  </testcase> <!-- @AfterSuite endReport -->
  <testcase classname="ExtentReport.ExtentReportClass" name="@AfterSuite endReport" time="0.0">
    <ignored/>
  </testcase> <!-- @AfterSuite endReport -->
  <testcase classname="ExtentReport.ExtentReportClass" name="@AfterSuite endReport" time="0.0">
    <ignored/>
  </testcase> <!-- @AfterSuite endReport -->
  <testcase classname="ExtentReport.ExtentReportClass" name="@AfterSuite endReport" time="0.0">
    <ignored/>
  </testcase> <!-- @AfterSuite endReport -->
  <testcase classname="ExtentReport.ExtentReportClass" name="@AfterSuite endReport" time="0.0">
    <ignored/>
  </testcase> <!-- @AfterSuite endReport -->
  <testcase classname="ExtentReport.ExtentReportClass" name="@AfterSuite endReport" time="0.0">
    <ignored/>
  </testcase> <!-- @AfterSuite endReport -->
  <testcase classname="ExtentReport.ExtentReportClass" name="@BeforeSuite setExtent" time="0.0">
    <ignored/>
  </testcase> <!-- @BeforeSuite setExtent -->
  <testcase classname="ExtentReport.ExtentReportClass" name="@BeforeSuite setExtent" time="0.0">
    <ignored/>
  </testcase> <!-- @BeforeSuite setExtent -->
  <testcase classname="ExtentReport.ExtentReportClass" name="@BeforeSuite setExtent" time="0.0">
    <ignored/>
  </testcase> <!-- @BeforeSuite setExtent -->
  <testcase classname="ExtentReport.ExtentReportClass" name="@BeforeSuite setExtent" time="0.0">
    <ignored/>
  </testcase> <!-- @BeforeSuite setExtent -->
  <testcase classname="ExtentReport.ExtentReportClass" name="@BeforeSuite setExtent" time="0.0">
    <ignored/>
  </testcase> <!-- @BeforeSuite setExtent -->
  <testcase classname="ExtentReport.ExtentReportClass" name="@BeforeSuite setExtent" time="0.0">
    <ignored/>
  </testcase> <!-- @BeforeSuite setExtent -->
  <testcase classname="ExtentReport.ExtentReportClass" name="@BeforeSuite setExtent" time="0.0">
    <ignored/>
  </testcase> <!-- @BeforeSuite setExtent -->
  <testcase classname="ExtentReport.ExtentReportClass" name="@BeforeSuite setExtent" time="0.0">
    <ignored/>
  </testcase> <!-- @BeforeSuite setExtent -->
  <testcase classname="ExtentReport.ExtentReportClass" name="@BeforeSuite setExtent" time="0.0">
    <ignored/>
  </testcase> <!-- @BeforeSuite setExtent -->
  <testcase classname="ExtentReport.ExtentReportClass" name="@BeforeSuite setExtent" time="0.0">
    <ignored/>
  </testcase> <!-- @BeforeSuite setExtent -->
</testsuite> <!-- Test -->
